<?xml version="1.0" encoding="UTF-8"?>
<!-- Generated by org.testng.reporters.JUnitXMLReporter -->
<testsuite ignored="1" hostname="LAPTOP-HSO9CVC5" failures="0" tests="2" name="Default test" time="0.037" errors="0" timestamp="2023-11-15T23:14:36 IST">
  <testcase classname="testNG.Enabled" name="home" time="0.006"/>
  <testcase classname="testNG.Enabled" name="login" time="0.001"/>
  <testcase classname="testNG.Enabled" name="logout" time="0.0">
    <ignored/>
  </testcase> <!-- logout -->
</testsuite> <!-- Default test -->
