<?xml version="1.0" encoding="UTF-8"?>
<testng-results ignored="1" total="3" passed="2" failed="0" skipped="0">
  <reporter-output>
  </reporter-output>
  <suite started-at="2023-11-15T23:14:36 IST" name="Default suite" finished-at="2023-11-15T23:14:36 IST" duration-ms="37">
    <groups>
    </groups>
    <test started-at="2023-11-15T23:14:36 IST" name="Default test" finished-at="2023-11-15T23:14:36 IST" duration-ms="37">
      <class name="testNG.Enabled">
        <test-method signature="home()[pri:-20, instance:testNG.Enabled@770d3326]" started-at="2023-11-15T23:14:36 IST" name="home" finished-at="2023-11-15T23:14:36 IST" duration-ms="6" status="PASS">
          <reporter-output>
          </reporter-output>
        </test-method> <!-- home -->
        <test-method signature="login()[pri:10, instance:testNG.Enabled@770d3326]" started-at="2023-11-15T23:14:36 IST" name="login" finished-at="2023-11-15T23:14:36 IST" duration-ms="1" status="PASS">
          <reporter-output>
          </reporter-output>
        </test-method> <!-- login -->
      </class> <!-- testNG.Enabled -->
    </test> <!-- Default test -->
  </suite> <!-- Default suite -->
</testng-results>
